===========================================================================
         ________    _________   _______       __     _________            
        |        |\ |        |\ |       \\    |  |\  /         \\          
        |    ____|| |    ____|| |    __  ||   |__|| |    ___    ||         
        |   |\___\| |   |\___\| |   |\_| ||    \_\| |   //  \   ||         
        |   ||__    |   ||__    |   ||_| ||   |  |\ |  ||    |  ||         
        |       |\  |       |\  |         \\  |  || |  ||    |  ||         
        |    ___||  |    ___||  |    ___   || |  || |  ||    |  ||         
        |   |\__\|  |   |\__\|  |   |\__|  || |  || |  ||    |  ||         
        |   ||      |   ||___   |   ||__|  || |  || |   \\__/   ||         
        |   ||      |        |\ |          || |  || |           ||         
        |___||      |________|| |_________//  |__||  \_________//          
                                                                           
      F I N I T E   E L E M E N T S   F O R   B I O M E C H A N I C S      
                                                                           
  version 4.1.0
  FEBio is a registered trademark.                                         
  copyright (c) 2006-2023 - All rights reserved                            
                                                                           
===========================================================================




 *************************************************************************
 *                               WARNING                                 *
 * Model has 1 unreferenced load controllers.                            *
 *************************************************************************


 FILES USED
===========================================================================
	Input file : job-1.feb
	Plot file  : job-1.xplt
	Log file   : job-1.log


 MESH INFO
===========================================================================
	Number of materials ............................ : 1
	Number of domains .............................. : 1
	Number of nodes ................................ : 252
	Number of solid elements ....................... : 100


 MODULE
===========================================================================
	Module type ....................................... : solid


 CONTROL DATA
===========================================================================
	analysis .......................................... : STATIC (0)
	time_steps ........................................ : 400
	step_size ......................................... : 1
	plot_zero_state ................................... : no (0)
	plot_range ........................................ : 0,-1
	plot_level ........................................ : PLOT_MAJOR_ITRS (1)
	output_level ...................................... : OUTPUT_MAJOR_ITRS (1)
	plot_stride ....................................... : 1
	adaptor_re_solve .................................. : yes (1)
	Auto time stepper activated ....................... : yes
	  max_retries ..................................... : 10
	  opt_iter ........................................ : 11
	  dtmin ........................................... : 0
	  dtmax ........................................... : 10
	  aggressiveness .................................. : 1
	  cutback ......................................... : 0.5
	  dtforce ......................................... : no (0)
 SOLVER PARAMETERS
===========================================================================
	symmetric_stiffness ............................... : non-symmetric (0)
	equation_scheme ................................... : staggered (0)
	equation_order .................................... : default (0)
	optimize_bw ....................................... : no (0)
	lstol ............................................. : 0.9
	lsmin ............................................. : 0.01
	lsiter ............................................ : 5
	max_refs .......................................... : 20
	check_zero_diagonal ............................... : no (0)
	zero_diagonal_tol ................................. : 0
	force_partition ................................... : 0
	reform_each_time_step ............................. : yes (1)
	reform_augment .................................... : no (0)
	diverge_reform .................................... : yes (1)
	min_residual ...................................... : 1e-20
	max_residual ...................................... : 0
	dtol .............................................. : 0.001
	etol .............................................. : 0.01
	rtol .............................................. : 0
	rhoi .............................................. : -2
	alpha ............................................. : 1
	beta .............................................. : 0.25
	gamma ............................................. : 0.5
	logSolve .......................................... : no (0)
	arc_length ........................................ : 0
	arc_length_scale .................................. : 0






 MATERIAL DATA
===========================================================================
  1 - Material1 (type: LCE444)
	density ........................................... : 1e-16
	mu_nh ............................................. : 0.2
	K ................................................. : 1e-11
	a ................................................. : 1
	mu_nc ............................................. : 2
	mu_neq_nc ......................................... : 0.01
	eta_u ............................................. : 350
	mu_neq_nh ......................................... : 0.001
	eta_t ............................................. : 100


 INITIAL CONDITION DATA
===========================================================================
  1 -  Type: director angle
	value ............................................. : 0.776693
---------------------------------------------------------------------------
  2 -  Type: director angle
	value ............................................. : 0.786508
---------------------------------------------------------------------------
  3 -  Type: director angle
	value ............................................. : 0.780045
---------------------------------------------------------------------------
  4 -  Type: director angle
	value ............................................. : 0.790787
---------------------------------------------------------------------------
  5 -  Type: director angle
	value ............................................. : 0.786882
---------------------------------------------------------------------------
  6 -  Type: director angle
	value ............................................. : 0.785047
---------------------------------------------------------------------------
  7 -  Type: director angle
	value ............................................. : 0.782785
---------------------------------------------------------------------------
  8 -  Type: director angle
	value ............................................. : 0.792309
---------------------------------------------------------------------------
  9 -  Type: director angle
	value ............................................. : 0.791033
---------------------------------------------------------------------------
 10 -  Type: director angle
	value ............................................. : 0.789702
---------------------------------------------------------------------------
 11 -  Type: director angle
	value ............................................. : 0.77971
---------------------------------------------------------------------------
 12 -  Type: director angle
	value ............................................. : 0.791663
---------------------------------------------------------------------------
 13 -  Type: director angle
	value ............................................. : 0.789072
---------------------------------------------------------------------------
 14 -  Type: director angle
	value ............................................. : 0.785634
---------------------------------------------------------------------------
 15 -  Type: director angle
	value ............................................. : 0.781977
---------------------------------------------------------------------------
 16 -  Type: director angle
	value ............................................. : 0.776933
---------------------------------------------------------------------------
 17 -  Type: director angle
	value ............................................. : 0.778267
---------------------------------------------------------------------------
 18 -  Type: director angle
	value ............................................. : 0.783032
---------------------------------------------------------------------------
 19 -  Type: director angle
	value ............................................. : 0.779243
---------------------------------------------------------------------------
 20 -  Type: director angle
	value ............................................. : 0.779567
---------------------------------------------------------------------------
 21 -  Type: director angle
	value ............................................. : 0.793925
---------------------------------------------------------------------------
 22 -  Type: director angle
	value ............................................. : 0.78445
---------------------------------------------------------------------------
 23 -  Type: director angle
	value ............................................. : 0.77875
---------------------------------------------------------------------------
 24 -  Type: director angle
	value ............................................. : 0.776753
---------------------------------------------------------------------------
 25 -  Type: director angle
	value ............................................. : 0.776827
---------------------------------------------------------------------------
 26 -  Type: director angle
	value ............................................. : 0.783267
---------------------------------------------------------------------------
 27 -  Type: director angle
	value ............................................. : 0.785951
---------------------------------------------------------------------------
 28 -  Type: director angle
	value ............................................. : 0.786641
---------------------------------------------------------------------------
 29 -  Type: director angle
	value ............................................. : 0.787174
---------------------------------------------------------------------------
 30 -  Type: director angle
	value ............................................. : 0.787269
---------------------------------------------------------------------------
 31 -  Type: director angle
	value ............................................. : 0.779573
---------------------------------------------------------------------------
 32 -  Type: director angle
	value ............................................. : 0.788244
---------------------------------------------------------------------------
 33 -  Type: director angle
	value ............................................. : 0.784539
---------------------------------------------------------------------------
 34 -  Type: director angle
	value ............................................. : 0.782817
---------------------------------------------------------------------------
 35 -  Type: director angle
	value ............................................. : 0.777667
---------------------------------------------------------------------------
 36 -  Type: director angle
	value ............................................. : 0.787278
---------------------------------------------------------------------------
 37 -  Type: director angle
	value ............................................. : 0.790343
---------------------------------------------------------------------------
 38 -  Type: director angle
	value ............................................. : 0.79068
---------------------------------------------------------------------------
 39 -  Type: director angle
	value ............................................. : 0.785745
---------------------------------------------------------------------------
 40 -  Type: director angle
	value ............................................. : 0.781942
---------------------------------------------------------------------------
 41 -  Type: director angle
	value ............................................. : 0.79196
---------------------------------------------------------------------------
 42 -  Type: director angle
	value ............................................. : 0.789354
---------------------------------------------------------------------------
 43 -  Type: director angle
	value ............................................. : 0.793355
---------------------------------------------------------------------------
 44 -  Type: director angle
	value ............................................. : 0.792828
---------------------------------------------------------------------------
 45 -  Type: director angle
	value ............................................. : 0.786085
---------------------------------------------------------------------------
 46 -  Type: director angle
	value ............................................. : 0.779156
---------------------------------------------------------------------------
 47 -  Type: director angle
	value ............................................. : 0.784736
---------------------------------------------------------------------------
 48 -  Type: director angle
	value ............................................. : 0.780779
---------------------------------------------------------------------------
 49 -  Type: director angle
	value ............................................. : 0.79172
---------------------------------------------------------------------------
 50 -  Type: director angle
	value ............................................. : 0.78033
---------------------------------------------------------------------------
 51 -  Type: director angle
	value ............................................. : 0.790279
---------------------------------------------------------------------------
 52 -  Type: director angle
	value ............................................. : 0.791396
---------------------------------------------------------------------------
 53 -  Type: director angle
	value ............................................. : 0.794069
---------------------------------------------------------------------------
 54 -  Type: director angle
	value ............................................. : 0.794119
---------------------------------------------------------------------------
 55 -  Type: director angle
	value ............................................. : 0.787344
---------------------------------------------------------------------------
 56 -  Type: director angle
	value ............................................. : 0.783521
---------------------------------------------------------------------------
 57 -  Type: director angle
	value ............................................. : 0.781318
---------------------------------------------------------------------------
 58 -  Type: director angle
	value ............................................. : 0.78186
---------------------------------------------------------------------------
 59 -  Type: director angle
	value ............................................. : 0.791335
---------------------------------------------------------------------------
 60 -  Type: director angle
	value ............................................. : 0.777086
---------------------------------------------------------------------------
 61 -  Type: director angle
	value ............................................. : 0.783232
---------------------------------------------------------------------------
 62 -  Type: director angle
	value ............................................. : 0.778288
---------------------------------------------------------------------------
 63 -  Type: director angle
	value ............................................. : 0.788491
---------------------------------------------------------------------------
 64 -  Type: director angle
	value ............................................. : 0.777653
---------------------------------------------------------------------------
 65 -  Type: director angle
	value ............................................. : 0.776825
---------------------------------------------------------------------------
 66 -  Type: director angle
	value ............................................. : 0.792707
---------------------------------------------------------------------------
 67 -  Type: director angle
	value ............................................. : 0.781487
---------------------------------------------------------------------------
 68 -  Type: director angle
	value ............................................. : 0.781434
---------------------------------------------------------------------------
 69 -  Type: director angle
	value ............................................. : 0.786932
---------------------------------------------------------------------------
 70 -  Type: director angle
	value ............................................. : 0.788735
---------------------------------------------------------------------------
 71 -  Type: director angle
	value ............................................. : 0.791291
---------------------------------------------------------------------------
 72 -  Type: director angle
	value ............................................. : 0.789351
---------------------------------------------------------------------------
 73 -  Type: director angle
	value ............................................. : 0.785135
---------------------------------------------------------------------------
 74 -  Type: director angle
	value ............................................. : 0.780256
---------------------------------------------------------------------------
 75 -  Type: director angle
	value ............................................. : 0.789652
---------------------------------------------------------------------------
 76 -  Type: director angle
	value ............................................. : 0.784848
---------------------------------------------------------------------------
 77 -  Type: director angle
	value ............................................. : 0.784664
---------------------------------------------------------------------------
 78 -  Type: director angle
	value ............................................. : 0.793237
---------------------------------------------------------------------------
 79 -  Type: director angle
	value ............................................. : 0.789664
---------------------------------------------------------------------------
 80 -  Type: director angle
	value ............................................. : 0.778561
---------------------------------------------------------------------------
 81 -  Type: director angle
	value ............................................. : 0.787127
---------------------------------------------------------------------------
 82 -  Type: director angle
	value ............................................. : 0.783395
---------------------------------------------------------------------------
 83 -  Type: director angle
	value ............................................. : 0.7895
---------------------------------------------------------------------------
 84 -  Type: director angle
	value ............................................. : 0.7873
---------------------------------------------------------------------------
 85 -  Type: director angle
	value ............................................. : 0.786662
---------------------------------------------------------------------------
 86 -  Type: director angle
	value ............................................. : 0.782978
---------------------------------------------------------------------------
 87 -  Type: director angle
	value ............................................. : 0.779317
---------------------------------------------------------------------------
 88 -  Type: director angle
	value ............................................. : 0.7806
---------------------------------------------------------------------------
 89 -  Type: director angle
	value ............................................. : 0.784092
---------------------------------------------------------------------------
 90 -  Type: director angle
	value ............................................. : 0.790684
---------------------------------------------------------------------------
 91 -  Type: director angle
	value ............................................. : 0.785697
---------------------------------------------------------------------------
 92 -  Type: director angle
	value ............................................. : 0.79395
---------------------------------------------------------------------------
 93 -  Type: director angle
	value ............................................. : 0.789789
---------------------------------------------------------------------------
 94 -  Type: director angle
	value ............................................. : 0.782703
---------------------------------------------------------------------------
 95 -  Type: director angle
	value ............................................. : 0.779621
---------------------------------------------------------------------------
 96 -  Type: director angle
	value ............................................. : 0.788144
---------------------------------------------------------------------------
 97 -  Type: director angle
	value ............................................. : 0.785257
---------------------------------------------------------------------------
 98 -  Type: director angle
	value ............................................. : 0.77778
---------------------------------------------------------------------------
 99 -  Type: director angle
	value ............................................. : 0.788885
---------------------------------------------------------------------------
100 -  Type: director angle
	value ............................................. : 0.785482
---------------------------------------------------------------------------
101 -  Type: director angle
	value ............................................. : 0.779246
---------------------------------------------------------------------------
102 -  Type: director angle
	value ............................................. : 0.793245
---------------------------------------------------------------------------
103 -  Type: director angle
	value ............................................. : 0.779142
---------------------------------------------------------------------------
104 -  Type: director angle
	value ............................................. : 0.792469
---------------------------------------------------------------------------
105 -  Type: director angle
	value ............................................. : 0.788765
---------------------------------------------------------------------------
106 -  Type: director angle
	value ............................................. : 0.781961
---------------------------------------------------------------------------
107 -  Type: director angle
	value ............................................. : 0.784116
---------------------------------------------------------------------------
108 -  Type: director angle
	value ............................................. : 0.7779
---------------------------------------------------------------------------
109 -  Type: director angle
	value ............................................. : 0.793542
---------------------------------------------------------------------------
110 -  Type: director angle
	value ............................................. : 0.788595
---------------------------------------------------------------------------
111 -  Type: director angle
	value ............................................. : 0.779346
---------------------------------------------------------------------------
112 -  Type: director angle
	value ............................................. : 0.791982
---------------------------------------------------------------------------
113 -  Type: director angle
	value ............................................. : 0.791013
---------------------------------------------------------------------------
114 -  Type: director angle
	value ............................................. : 0.78683
---------------------------------------------------------------------------
115 -  Type: director angle
	value ............................................. : 0.780011
---------------------------------------------------------------------------
116 -  Type: director angle
	value ............................................. : 0.779776
---------------------------------------------------------------------------
117 -  Type: director angle
	value ............................................. : 0.790934
---------------------------------------------------------------------------
118 -  Type: director angle
	value ............................................. : 0.784966
---------------------------------------------------------------------------
119 -  Type: director angle
	value ............................................. : 0.779386
---------------------------------------------------------------------------
120 -  Type: director angle
	value ............................................. : 0.785467
---------------------------------------------------------------------------
121 -  Type: director angle
	value ............................................. : 0.789448
---------------------------------------------------------------------------
122 -  Type: director angle
	value ............................................. : 0.78375
---------------------------------------------------------------------------
123 -  Type: director angle
	value ............................................. : 0.781551
---------------------------------------------------------------------------
124 -  Type: director angle
	value ............................................. : 0.786598
---------------------------------------------------------------------------
125 -  Type: director angle
	value ............................................. : 0.788579
---------------------------------------------------------------------------
126 -  Type: director angle
	value ............................................. : 0.789864
---------------------------------------------------------------------------
127 -  Type: director angle
	value ............................................. : 0.789271
---------------------------------------------------------------------------
128 -  Type: director angle
	value ............................................. : 0.784967
---------------------------------------------------------------------------
129 -  Type: director angle
	value ............................................. : 0.778819
---------------------------------------------------------------------------
130 -  Type: director angle
	value ............................................. : 0.783091
---------------------------------------------------------------------------
131 -  Type: director angle
	value ............................................. : 0.791239
---------------------------------------------------------------------------
132 -  Type: director angle
	value ............................................. : 0.777284
---------------------------------------------------------------------------
133 -  Type: director angle
	value ............................................. : 0.785695
---------------------------------------------------------------------------
134 -  Type: director angle
	value ............................................. : 0.788243
---------------------------------------------------------------------------
135 -  Type: director angle
	value ............................................. : 0.78411
---------------------------------------------------------------------------
136 -  Type: director angle
	value ............................................. : 0.778499
---------------------------------------------------------------------------
137 -  Type: director angle
	value ............................................. : 0.793241
---------------------------------------------------------------------------
138 -  Type: director angle
	value ............................................. : 0.792753
---------------------------------------------------------------------------
139 -  Type: director angle
	value ............................................. : 0.786263
---------------------------------------------------------------------------
140 -  Type: director angle
	value ............................................. : 0.78271
---------------------------------------------------------------------------
141 -  Type: director angle
	value ............................................. : 0.784905
---------------------------------------------------------------------------
142 -  Type: director angle
	value ............................................. : 0.783216
---------------------------------------------------------------------------
143 -  Type: director angle
	value ............................................. : 0.791454
---------------------------------------------------------------------------
144 -  Type: director angle
	value ............................................. : 0.782202
---------------------------------------------------------------------------
145 -  Type: director angle
	value ............................................. : 0.784632
---------------------------------------------------------------------------
146 -  Type: director angle
	value ............................................. : 0.781417
---------------------------------------------------------------------------
147 -  Type: director angle
	value ............................................. : 0.793828
---------------------------------------------------------------------------
148 -  Type: director angle
	value ............................................. : 0.781869
---------------------------------------------------------------------------
149 -  Type: director angle
	value ............................................. : 0.789573
---------------------------------------------------------------------------
150 -  Type: director angle
	value ............................................. : 0.786572
---------------------------------------------------------------------------
151 -  Type: director angle
	value ............................................. : 0.780092
---------------------------------------------------------------------------
152 -  Type: director angle
	value ............................................. : 0.789959
---------------------------------------------------------------------------
153 -  Type: director angle
	value ............................................. : 0.791323
---------------------------------------------------------------------------
154 -  Type: director angle
	value ............................................. : 0.783612
---------------------------------------------------------------------------
155 -  Type: director angle
	value ............................................. : 0.785414
---------------------------------------------------------------------------
156 -  Type: director angle
	value ............................................. : 0.792208
---------------------------------------------------------------------------
157 -  Type: director angle
	value ............................................. : 0.777151
---------------------------------------------------------------------------
158 -  Type: director angle
	value ............................................. : 0.794031
---------------------------------------------------------------------------
159 -  Type: director angle
	value ............................................. : 0.786665
---------------------------------------------------------------------------
160 -  Type: director angle
	value ............................................. : 0.777553
---------------------------------------------------------------------------
161 -  Type: director angle
	value ............................................. : 0.785945
---------------------------------------------------------------------------
162 -  Type: director angle
	value ............................................. : 0.780059
---------------------------------------------------------------------------
163 -  Type: director angle
	value ............................................. : 0.791385
---------------------------------------------------------------------------
164 -  Type: director angle
	value ............................................. : 0.787611
---------------------------------------------------------------------------
165 -  Type: director angle
	value ............................................. : 0.788149
---------------------------------------------------------------------------
166 -  Type: director angle
	value ............................................. : 0.780125
---------------------------------------------------------------------------
167 -  Type: director angle
	value ............................................. : 0.79137
---------------------------------------------------------------------------
168 -  Type: director angle
	value ............................................. : 0.778824
---------------------------------------------------------------------------
169 -  Type: director angle
	value ............................................. : 0.77859
---------------------------------------------------------------------------
170 -  Type: director angle
	value ............................................. : 0.789642
---------------------------------------------------------------------------
171 -  Type: director angle
	value ............................................. : 0.782153
---------------------------------------------------------------------------
172 -  Type: director angle
	value ............................................. : 0.793096
---------------------------------------------------------------------------
173 -  Type: director angle
	value ............................................. : 0.781665
---------------------------------------------------------------------------
174 -  Type: director angle
	value ............................................. : 0.782541
---------------------------------------------------------------------------
175 -  Type: director angle
	value ............................................. : 0.77912
---------------------------------------------------------------------------
176 -  Type: director angle
	value ............................................. : 0.789466
---------------------------------------------------------------------------
177 -  Type: director angle
	value ............................................. : 0.791238
---------------------------------------------------------------------------
178 -  Type: director angle
	value ............................................. : 0.789028
---------------------------------------------------------------------------
179 -  Type: director angle
	value ............................................. : 0.787148
---------------------------------------------------------------------------
180 -  Type: director angle
	value ............................................. : 0.789713
---------------------------------------------------------------------------
181 -  Type: director angle
	value ............................................. : 0.781082
---------------------------------------------------------------------------
182 -  Type: director angle
	value ............................................. : 0.779193
---------------------------------------------------------------------------
183 -  Type: director angle
	value ............................................. : 0.7767
---------------------------------------------------------------------------
184 -  Type: director angle
	value ............................................. : 0.777736
---------------------------------------------------------------------------
185 -  Type: director angle
	value ............................................. : 0.790743
---------------------------------------------------------------------------
186 -  Type: director angle
	value ............................................. : 0.791553
---------------------------------------------------------------------------
187 -  Type: director angle
	value ............................................. : 0.780347
---------------------------------------------------------------------------
188 -  Type: director angle
	value ............................................. : 0.778689
---------------------------------------------------------------------------
189 -  Type: director angle
	value ............................................. : 0.786327
---------------------------------------------------------------------------
190 -  Type: director angle
	value ............................................. : 0.77692
---------------------------------------------------------------------------
191 -  Type: director angle
	value ............................................. : 0.778657
---------------------------------------------------------------------------
192 -  Type: director angle
	value ............................................. : 0.784604
---------------------------------------------------------------------------
193 -  Type: director angle
	value ............................................. : 0.7898
---------------------------------------------------------------------------
194 -  Type: director angle
	value ............................................. : 0.788647
---------------------------------------------------------------------------
195 -  Type: director angle
	value ............................................. : 0.786156
---------------------------------------------------------------------------
196 -  Type: director angle
	value ............................................. : 0.777961
---------------------------------------------------------------------------
197 -  Type: director angle
	value ............................................. : 0.784294
---------------------------------------------------------------------------
198 -  Type: director angle
	value ............................................. : 0.780196
---------------------------------------------------------------------------
199 -  Type: director angle
	value ............................................. : 0.788823
---------------------------------------------------------------------------
200 -  Type: director angle
	value ............................................. : 0.781739
---------------------------------------------------------------------------
201 -  Type: director angle
	value ............................................. : 0.784293
---------------------------------------------------------------------------
202 -  Type: director angle
	value ............................................. : 0.780728
---------------------------------------------------------------------------
203 -  Type: director angle
	value ............................................. : 0.786757
---------------------------------------------------------------------------
204 -  Type: director angle
	value ............................................. : 0.785967
---------------------------------------------------------------------------
205 -  Type: director angle
	value ............................................. : 0.787644
---------------------------------------------------------------------------
206 -  Type: director angle
	value ............................................. : 0.779467
---------------------------------------------------------------------------
207 -  Type: director angle
	value ............................................. : 0.78547
---------------------------------------------------------------------------
208 -  Type: director angle
	value ............................................. : 0.79348
---------------------------------------------------------------------------
209 -  Type: director angle
	value ............................................. : 0.788815
---------------------------------------------------------------------------
210 -  Type: director angle
	value ............................................. : 0.792812
---------------------------------------------------------------------------
211 -  Type: director angle
	value ............................................. : 0.779987
---------------------------------------------------------------------------
212 -  Type: director angle
	value ............................................. : 0.782535
---------------------------------------------------------------------------
213 -  Type: director angle
	value ............................................. : 0.779784
---------------------------------------------------------------------------
214 -  Type: director angle
	value ............................................. : 0.794041
---------------------------------------------------------------------------
215 -  Type: director angle
	value ............................................. : 0.784655
---------------------------------------------------------------------------
216 -  Type: director angle
	value ............................................. : 0.79409
---------------------------------------------------------------------------
217 -  Type: director angle
	value ............................................. : 0.778373
---------------------------------------------------------------------------
218 -  Type: director angle
	value ............................................. : 0.787583
---------------------------------------------------------------------------
219 -  Type: director angle
	value ............................................. : 0.778319
---------------------------------------------------------------------------
220 -  Type: director angle
	value ............................................. : 0.784311
---------------------------------------------------------------------------
221 -  Type: director angle
	value ............................................. : 0.79293
---------------------------------------------------------------------------
222 -  Type: director angle
	value ............................................. : 0.777517
---------------------------------------------------------------------------
223 -  Type: director angle
	value ............................................. : 0.792286
---------------------------------------------------------------------------
224 -  Type: director angle
	value ............................................. : 0.781733
---------------------------------------------------------------------------
225 -  Type: director angle
	value ............................................. : 0.780639
---------------------------------------------------------------------------
226 -  Type: director angle
	value ............................................. : 0.790094
---------------------------------------------------------------------------
227 -  Type: director angle
	value ............................................. : 0.78384
---------------------------------------------------------------------------
228 -  Type: director angle
	value ............................................. : 0.780197
---------------------------------------------------------------------------
229 -  Type: director angle
	value ............................................. : 0.787633
---------------------------------------------------------------------------
230 -  Type: director angle
	value ............................................. : 0.787216
---------------------------------------------------------------------------
231 -  Type: director angle
	value ............................................. : 0.784554
---------------------------------------------------------------------------
232 -  Type: director angle
	value ............................................. : 0.784811
---------------------------------------------------------------------------
233 -  Type: director angle
	value ............................................. : 0.787106
---------------------------------------------------------------------------
234 -  Type: director angle
	value ............................................. : 0.78775
---------------------------------------------------------------------------
235 -  Type: director angle
	value ............................................. : 0.79159
---------------------------------------------------------------------------
236 -  Type: director angle
	value ............................................. : 0.791137
---------------------------------------------------------------------------
237 -  Type: director angle
	value ............................................. : 0.787576
---------------------------------------------------------------------------
238 -  Type: director angle
	value ............................................. : 0.789254
---------------------------------------------------------------------------
239 -  Type: director angle
	value ............................................. : 0.786546
---------------------------------------------------------------------------
240 -  Type: director angle
	value ............................................. : 0.783219
---------------------------------------------------------------------------
241 -  Type: director angle
	value ............................................. : 0.779888
---------------------------------------------------------------------------
242 -  Type: director angle
	value ............................................. : 0.78955
---------------------------------------------------------------------------
243 -  Type: director angle
	value ............................................. : 0.78636
---------------------------------------------------------------------------
244 -  Type: director angle
	value ............................................. : 0.792468
---------------------------------------------------------------------------
245 -  Type: director angle
	value ............................................. : 0.78091
---------------------------------------------------------------------------
246 -  Type: director angle
	value ............................................. : 0.779969
---------------------------------------------------------------------------
247 -  Type: director angle
	value ............................................. : 0.787226
---------------------------------------------------------------------------
248 -  Type: director angle
	value ............................................. : 0.788863
---------------------------------------------------------------------------
249 -  Type: director angle
	value ............................................. : 0.786875
---------------------------------------------------------------------------
250 -  Type: director angle
	value ............................................. : 0.782803
---------------------------------------------------------------------------
251 -  Type: director angle
	value ............................................. : 0.785301
---------------------------------------------------------------------------
252 -  Type: director angle
	value ............................................. : 0.778075


 BOUNDARY CONDITION DATA
===========================================================================
  1 -  Type: zero displacement
	x_dof ............................................. : yes (1)
	y_dof ............................................. : yes (1)
	z_dof ............................................. : yes (1)
---------------------------------------------------------------------------
  2 -  Type: zero displacement
	x_dof ............................................. : yes (1)
	y_dof ............................................. : yes (1)
	z_dof ............................................. : yes (1)
---------------------------------------------------------------------------
  3 -  Type: prescribed displacement
	dof ............................................... : 0
	value ............................................. : -3
	relative .......................................... : no (0)
---------------------------------------------------------------------------
  4 -  Type: prescribed displacement
	dof ............................................... : 0
	value ............................................. : 3
	relative .......................................... : no (0)


 LOAD CONTROLLER DATA
===========================================================================
load controller   1 - LC1 (type: loadcurve)
	interpolate ....................................... : LINEAR (0)
	extend ............................................ : CONSTANT (0)
	points ............................................ : (can't display value)
---------------------------------------------------------------------------
load controller   2 - LC2 (type: loadcurve)
	interpolate ....................................... : LINEAR (0)
	extend ............................................ : CONSTANT (0)
	points ............................................ : (can't display value)


 OUTPUT DATA
===========================================================================
	plotfile format ........................... : FEBIO
 LINEAR SOLVER DATA
===========================================================================
	Default linear solver ............................. : pardiso


 *************************************************************************
 * Selecting linear solver pardiso                                       *
 *************************************************************************

===== beginning time step 1 : 1 =====


Reforming stiffness matrix: reformation #1

===== reforming stiffness matrix:
	Nr of equations ........................... : 960
	Nr of nonzeroes in stiffness matrix ....... : 58880
 1
 Nonlinear solution status: time= 1
	step from line search         = 1.000000
	convergence norms :     INITIAL         CURRENT         REQUIRED
	   displacement        2.571236e-02    2.571236e-02    2.571236e-08 
Reforming stiffness matrix: reformation #2

 2
 Nonlinear solution status: time= 1
	step from line search         = 1.000000
	convergence norms :     INITIAL         CURRENT         REQUIRED
	   displacement        2.571236e-02    1.133556e-10    2.571237e-08 

convergence summary
    number of iterations   : 2
    number of reformations : 2

------- converged at time : 1


AUTO STEPPER: increasing time step, dt = 2.8


===== beginning time step 2 : 3.8 =====


Reforming stiffness matrix: reformation #1

 1
 Nonlinear solution status: time= 3.8
	step from line search         = 1.000000
	convergence norms :     INITIAL         CURRENT         REQUIRED
	   displacement        3.340854e-02    3.340854e-02    3.340854e-08 
Reforming stiffness matrix: reformation #2

 2
 Nonlinear solution status: time= 3.8
	step from line search         = 1.000000
	convergence norms :     INITIAL         CURRENT         REQUIRED
	   displacement        3.340854e-02    6.910358e-09    3.340868e-08 

convergence summary
    number of iterations   : 2
    number of reformations : 2

------- converged at time : 3.8


AUTO STEPPER: increasing time step, dt = 4.24


===== beginning time step 3 : 8.04 =====


Reforming stiffness matrix: reformation #1

 1
 Nonlinear solution status: time= 8.04
	step from line search         = 1.000000
	convergence norms :     INITIAL         CURRENT         REQUIRED
	   displacement        7.660847e-02    7.660847e-02    7.660847e-08 
Reforming stiffness matrix: reformation #2

 2
 Nonlinear solution status: time= 8.04
	step from line search         = 1.000000
	convergence norms :     INITIAL         CURRENT         REQUIRED
	   displacement        7.660847e-02    3.571977e-08    7.660911e-08 

convergence summary
    number of iterations   : 2
    number of reformations : 2

------- converged at time : 8.04


AUTO STEPPER: increasing time step, dt = 5.392


===== beginning time step 4 : 13.432 =====


Reforming stiffness matrix: reformation #1

 1
 Nonlinear solution status: time= 13.432
	step from line search         = 1.000000
	convergence norms :     INITIAL         CURRENT         REQUIRED
	   displacement        1.238946e-01    1.238946e-01    1.238946e-07 
Reforming stiffness matrix: reformation #2

 2
 Nonlinear solution status: time= 13.432
	step from line search         = 1.000000
	convergence norms :     INITIAL         CURRENT         REQUIRED
	   displacement        1.238946e-01    9.118690e-08    1.238963e-07 

convergence summary
    number of iterations   : 2
    number of reformations : 2

------- converged at time : 13.432


AUTO STEPPER: increasing time step, dt = 6.3136


===== beginning time step 5 : 19.7456 =====


Reforming stiffness matrix: reformation #1

 1
 Nonlinear solution status: time= 19.7456
	step from line search         = 1.000000
	convergence norms :     INITIAL         CURRENT         REQUIRED
	   displacement        1.698710e-01    1.698710e-01    1.698710e-07 
Reforming stiffness matrix: reformation #2

 2
 Nonlinear solution status: time= 19.7456
	step from line search         = 1.000000
	convergence norms :     INITIAL         CURRENT         REQUIRED
	   displacement        1.698710e-01    1.663705e-07    1.698747e-07 

convergence summary
    number of iterations   : 2
    number of reformations : 2

------- converged at time : 19.7456


AUTO STEPPER: increasing time step, dt = 7.05088


===== beginning time step 6 : 26.7965 =====


Reforming stiffness matrix: reformation #1

 1
 Nonlinear solution status: time= 26.7965
	step from line search         = 1.000000
	convergence norms :     INITIAL         CURRENT         REQUIRED
	   displacement        2.118706e-01    2.118706e-01    2.118706e-07 
Reforming stiffness matrix: reformation #2

 2
 Nonlinear solution status: time= 26.7965
	step from line search         = 1.000000
	convergence norms :     INITIAL         CURRENT         REQUIRED
	   displacement        2.118706e-01    2.500637e-07    2.118771e-07 
Reforming stiffness matrix: reformation #3

 3
 Nonlinear solution status: time= 26.7965
	step from line search         = 1.000000
	convergence norms :     INITIAL         CURRENT         REQUIRED
	   displacement        2.118706e-01    2.651340e-12    2.118768e-07 

convergence summary
    number of iterations   : 3
    number of reformations : 3

------- converged at time : 26.7965


AUTO STEPPER: increasing time step, dt = 7.6407


===== beginning time step 7 : 34.4372 =====


Reforming stiffness matrix: reformation #1

 1
 Nonlinear solution status: time= 34.4372
	step from line search         = 1.000000
	convergence norms :     INITIAL         CURRENT         REQUIRED
	   displacement        2.488158e-01    2.488158e-01    2.488158e-07 
Reforming stiffness matrix: reformation #2

 2
 Nonlinear solution status: time= 34.4372
	step from line search         = 1.000000
	convergence norms :     INITIAL         CURRENT         REQUIRED
	   displacement        2.488158e-01    3.320707e-07    2.488259e-07 
Reforming stiffness matrix: reformation #3

 3
 Nonlinear solution status: time= 34.4372
	step from line search         = 1.000000
	convergence norms :     INITIAL         CURRENT         REQUIRED
	   displacement        2.488158e-01    4.690501e-12    2.488255e-07 

convergence summary
    number of iterations   : 3
    number of reformations : 3

------- converged at time : 34.4372


AUTO STEPPER: increasing time step, dt = 8.11256


===== beginning time step 8 : 42.5497 =====


Reforming stiffness matrix: reformation #1

 1
 Nonlinear solution status: time= 42.5497
	step from line search         = 1.000000
	convergence norms :     INITIAL         CURRENT         REQUIRED
	   displacement        2.805192e-01    2.805192e-01    2.805192e-07 
Reforming stiffness matrix: reformation #2

 2
 Nonlinear solution status: time= 42.5497
	step from line search         = 1.000000
	convergence norms :     INITIAL         CURRENT         REQUIRED
	   displacement        2.805192e-01    4.053218e-07    2.805335e-07 
Reforming stiffness matrix: reformation #3

 3
 Nonlinear solution status: time= 42.5497
	step from line search         = 1.000000
	convergence norms :     INITIAL         CURRENT         REQUIRED
	   displacement        2.805192e-01    7.008662e-12    2.805330e-07 

convergence summary
    number of iterations   : 3
    number of reformations : 3

------- converged at time : 42.5497


AUTO STEPPER: increasing time step, dt = 8.49005


===== beginning time step 9 : 51.0398 =====


Reforming stiffness matrix: reformation #1

 1
 Nonlinear solution status: time= 51.0398
	step from line search         = 1.000000
	convergence norms :     INITIAL         CURRENT         REQUIRED
	   displacement        3.072636e-01    3.072636e-01    3.072636e-07 
Reforming stiffness matrix: reformation #2

 2
 Nonlinear solution status: time= 51.0398
	step from line search         = 1.000000
	convergence norms :     INITIAL         CURRENT         REQUIRED
	   displacement        3.072636e-01    4.660319e-07    3.072825e-07 
Reforming stiffness matrix: reformation #3

 3
 Nonlinear solution status: time= 51.0398
	step from line search         = 1.000000
	convergence norms :     INITIAL         CURRENT         REQUIRED
	   displacement        3.072636e-01    9.290012e-12    3.072819e-07 

convergence summary
    number of iterations   : 3
    number of reformations : 3

------- converged at time : 51.0398


AUTO STEPPER: increasing time step, dt = 8.79204


===== beginning time step 10 : 59.8318 =====


Reforming stiffness matrix: reformation #1

 1
 Nonlinear solution status: time= 59.8318
	step from line search         = 1.000000
	convergence norms :     INITIAL         CURRENT         REQUIRED
	   displacement        3.295515e-01    3.295515e-01    3.295515e-07 
Reforming stiffness matrix: reformation #2


 *************************************************************************
 *                                ERROR                                  *
 * Exception detected: Early termination by user request                 *
 *                                                                       *
 *************************************************************************


 N O N L I N E A R   I T E R A T I O N   I N F O R M A T I O N

	Number of time steps completed .................... : 9

	Total number of equilibrium iterations ............ : 22

	Average number of equilibrium iterations .......... : 2.44444

	Total number of right hand evaluations ............ : 31

	Total number of stiffness reformations ............ : 22


 L I N E A R   S O L V E R   S T A T S

	Total calls to linear solver ........ : 23

	Avg iterations per solve ............ : 1

	Time in linear solver: 0:00:00

 Peak memory  : 1318.9 MB

 Elapsed time : 0:00:27

 T I M I N G   I N F O R M A T I O N

	Input time ...................... : 0:00:00 (0.0302399 sec)

	Initialization time ............. : 0:00:00 (0.121139 sec)

	Solve time ...................... : 0:00:27 (27.307 sec)

	   IO-time (plot, dmp, data) .... : 0:00:01 (0.607731 sec)

	   reforming stiffness .......... : 0:00:00 (0.0559513 sec)

	   evaluating stiffness ......... : 0:00:09 (8.80505 sec)

	   evaluating residual .......... : 0:00:10 (9.99085 sec)

	   model update ................. : 0:00:06 (6.46329 sec)

	   QN updates ................... : 0:00:00 (1.46e-05 sec)

	   time in linear solver ........ : 0:00:00 (0.3219 sec)

	Total elapsed time .............. : 0:00:27 (27.4584 sec)


 E R R O R   T E R M I N A T I O N

